<?xml version="1.0" encoding="UTF-8" ?>
<!DOCTYPE configuration>

<configuration debug="false" xmlns='http://logging.apache.org/'>
  
  <appender name="TEST" class="TestAppender">
    <param name="bogus" value="bogus"/>
  </appender>

  <appender name="FILE" class="org.apache.log4j.FileAppender">

    <param name="File" value="server-side.log"/>
    <param name="Append" value="false"/>

    <layout class="org.apache.log4j.PatternLayout">
      <param name="ConversionPattern" value="%-5p %c - %m%n"/>
    </layout>     
  </appender>

  <logger name="org.apache.log4j.joran.action"> <level value="INFO"/></logger>
  <logger name="org.apache.cactus.internal.server"> <level value="INFO"/></logger>


  <root>
    <level value="DEBUG"/>
    <appender-ref ref="FILE" />
    <appender-ref ref="TEST" />
  </root>
</configuration>